0 info it worked if it ends with ok
1 verbose cli [ 'C:\\Program Files\\nodejs\\node.exe',
1 verbose cli   'C:\\Program Files\\nodejs\\node_modules\\npm\\bin\\npm-cli.js',
1 verbose cli   'start' ]
2 info using npm@3.10.10
3 info using node@v6.10.2
4 verbose run-script [ 'prestart', 'start', 'poststart' ]
5 info lifecycle carrinho-de-compras-client@1.0.0~prestart: carrinho-de-compras-client@1.0.0
6 verbose lifecycle carrinho-de-compras-client@1.0.0~prestart: unsafe-perm in lifecycle true
7 verbose lifecycle carrinho-de-compras-client@1.0.0~prestart: PATH: C:\Program Files\nodejs\node_modules\npm\bin\node-gyp-bin;C:\Users\eribas\Desktop\Estudos\angular\carrinho-de-compras-client\angular-client-example-master\node_modules\.bin;C:\ProgramData\Oracle\Java\javapath;C:\WINDOWS\system32;C:\WINDOWS;C:\WINDOWS\System32\Wbem;C:\WINDOWS\System32\WindowsPowerShell\v1.0\;C:\Program Files (x86)\ATI Technologies\ATI.ACE\Core-Static;C:\Program Files\nodejs\;C:\Program Files\Git\cmd;C:\Program Files\Microsoft SQL Server\130\Tools\Binn\;C:\Program Files\dotnet\;C:\Program Files (x86)\Brackets\command;C:\Program Files\PuTTY\;C:\Program Files\RedHat\java-1.8.0-openjdk-1.8.0.131-1\bin;C:\Users\eribas\AppData\Local\Android\sdk\platform-tools;C:\Users\eribas\AppData\Local\Microsoft\WindowsApps;C:\Program Files (x86)\Microsoft VS Code\bin;C:\Users\eribas\AppData\Roaming\npm;C:\Program Files\MongoDB\Server\3.4\bin;C:\Users\eribas\AppData\Local\atom\bin
8 verbose lifecycle carrinho-de-compras-client@1.0.0~prestart: CWD: C:\Users\eribas\Desktop\Estudos\angular\carrinho-de-compras-client\angular-client-example-master
9 silly lifecycle carrinho-de-compras-client@1.0.0~prestart: Args: [ '/d /s /c', 'npm install' ]
10 silly lifecycle carrinho-de-compras-client@1.0.0~prestart: Returned: code: 0  signal: null
11 info lifecycle carrinho-de-compras-client@1.0.0~start: carrinho-de-compras-client@1.0.0
12 verbose lifecycle carrinho-de-compras-client@1.0.0~start: unsafe-perm in lifecycle true
13 verbose lifecycle carrinho-de-compras-client@1.0.0~start: PATH: C:\Program Files\nodejs\node_modules\npm\bin\node-gyp-bin;C:\Users\eribas\Desktop\Estudos\angular\carrinho-de-compras-client\angular-client-example-master\node_modules\.bin;C:\ProgramData\Oracle\Java\javapath;C:\WINDOWS\system32;C:\WINDOWS;C:\WINDOWS\System32\Wbem;C:\WINDOWS\System32\WindowsPowerShell\v1.0\;C:\Program Files (x86)\ATI Technologies\ATI.ACE\Core-Static;C:\Program Files\nodejs\;C:\Program Files\Git\cmd;C:\Program Files\Microsoft SQL Server\130\Tools\Binn\;C:\Program Files\dotnet\;C:\Program Files (x86)\Brackets\command;C:\Program Files\PuTTY\;C:\Program Files\RedHat\java-1.8.0-openjdk-1.8.0.131-1\bin;C:\Users\eribas\AppData\Local\Android\sdk\platform-tools;C:\Users\eribas\AppData\Local\Microsoft\WindowsApps;C:\Program Files (x86)\Microsoft VS Code\bin;C:\Users\eribas\AppData\Roaming\npm;C:\Program Files\MongoDB\Server\3.4\bin;C:\Users\eribas\AppData\Local\atom\bin
14 verbose lifecycle carrinho-de-compras-client@1.0.0~start: CWD: C:\Users\eribas\Desktop\Estudos\angular\carrinho-de-compras-client\angular-client-example-master
15 silly lifecycle carrinho-de-compras-client@1.0.0~start: Args: [ '/d /s /c', 'http-server ./app -a localhost -p 8000 -c-1' ]
16 verbose stack Error: kill ENOSYS
16 verbose stack     at exports._errnoException (util.js:1018:11)
16 verbose stack     at process.kill (internal/process.js:190:13)
16 verbose stack     at process.listener (C:\Program Files\nodejs\node_modules\npm\node_modules\npmlog\node_modules\gauge\node_modules\signal-exit\index.js:86:15)
16 verbose stack     at emitNone (events.js:91:20)
16 verbose stack     at process.emit (events.js:185:7)
16 verbose stack     at processEmit (C:\Program Files\nodejs\node_modules\npm\node_modules\npmlog\node_modules\gauge\node_modules\signal-exit\index.js:146:32)
16 verbose stack     at processEmit (C:\Program Files\nodejs\node_modules\npm\node_modules\npm-registry-client\node_modules\npmlog\node_modules\gauge\node_modules\signal-exit\index.js:146:32)
16 verbose stack     at Signal.wrap.onsignal (internal/process.js:217:44)
17 verbose cwd C:\Users\eribas\Desktop\Estudos\angular\carrinho-de-compras-client\angular-client-example-master
18 error Windows_NT 10.0.15063
19 error argv "C:\\Program Files\\nodejs\\node.exe" "C:\\Program Files\\nodejs\\node_modules\\npm\\bin\\npm-cli.js" "start"
20 error node v6.10.2
21 error npm  v3.10.10
22 error code ENOSYS
23 error errno ENOSYS
24 error syscall kill
25 error kill ENOSYS
26 error If you need help, you may report this error at:
26 error     <https://github.com/npm/npm/issues>
27 verbose exit [ 1, true ]
